dhh
lel
123
test
123nha
123nha
123nha
123nha
123nha
123nhan
123nhan
123nhan
123nhan
123\ntest
123
test
123
test
123
test
test
test

test

test

test
testtesttest
test
test
test
test
test
test
test
testteee
ja
123\kk
ja
123\kk
ja
123\kk
ja
123\kk
teee
123aateee
teee
teee
123aa123
test
test
a
123
123
123
asd
asd
123
123
123
123
123
tee
tee
tee
tee
tee
tee
tee
tee
tee
tee
tee
tee
-r tee\naaaa\nlel
tee
aaaa
lel
tee
aaaa
lel
tee
aaaa
lel
tee
aaaa
lel
tee
aaaa
lel
tee
tee
tee
tee
tee
tee
tee
tee
tee
tee
tee
tee
tee
aaaa
lel
tee
aaaa
lel
tee
aaaa
lel

tee
tee
tee
tee
myhost.mydomain sshd[9024]: Connection from 192.168.0.101 port 37384
myhost.mydomain sshd[9024]: Connection from 192.168.0.101 port 37384
myhost.mydomain sshd[9024]: Connection from 192.168.0.101 port 37384
myhost.mydomain sshd[9024]: Connection from 192.168.0.101 port 37384
myhost.mydomain sshd[9024]: Connection from 192.168.0.101 port 37384
test
test
